<?xml version="1.0" encoding="UTF-8"?>
<testsuite name="OrdersServiceTest" tests="1" skipped="0" failures="0" errors="0" timestamp="2021-02-23T08:37:13" hostname="PDG-L5500-009" time="0.032">
  <properties/>
  <testcase name="testCalculateCost" classname="OrdersServiceTest" time="0.032"/>
  <system-out><![CDATA[]]></system-out>
  <system-err><![CDATA[]]></system-err>
</testsuite>
