<?xml version="1.0" encoding="UTF-8"?>
<testsuite name="OrdersServiceTest" tests="3" skipped="0" failures="0" errors="0" timestamp="2021-02-24T07:31:52" hostname="PDG-L5500-009" time="0.027">
  <properties/>
  <testcase name="testEffectiveOrangesCount" classname="OrdersServiceTest" time="0.014"/>
  <testcase name="testEffectiveApplesCount" classname="OrdersServiceTest" time="0.0"/>
  <testcase name="testCalculateCost" classname="OrdersServiceTest" time="0.012"/>
  <system-out><![CDATA[]]></system-out>
  <system-err><![CDATA[]]></system-err>
</testsuite>
